<?xml version="1.0" encoding="UTF-8"?>
<!-- Generated by org.testng.reporters.JUnitReportReporter -->
<testsuite skipped="0" hostname="rafi" name="pack.Scroll_into_view" tests="1" failures="0" timestamp="17 Nov 2017 10:25:46 GMT" time="26.917" errors="0">
  <testcase name="Scroll" time="26.917" classname="pack.Scroll_into_view"/>
</testsuite> <!-- pack.Scroll_into_view -->
