<?xml version="1.0" encoding="UTF-8"?>
<!-- Generated by org.testng.reporters.JUnitReportReporter -->
<testsuite skipped="0" hostname="rafi" name="testNG.Test1" tests="1" failures="0" timestamp="27 Nov 2017 10:40:27 GMT" time="0.049" errors="0">
  <testcase name="fb" time="0.049" classname="testNG.Test1"/>
</testsuite> <!-- testNG.Test1 -->
