<?xml version="1.0" encoding="UTF-8"?>
<!-- Generated by org.testng.reporters.JUnitReportReporter -->
<testsuite skipped="0" hostname="rafi" name="com.wordpress.testcases.VerifyLoginpage" tests="1" failures="0" timestamp="28 Nov 2017 09:55:13 GMT" time="20.376" errors="0">
  <testcase name="Verify" time="20.376" classname="com.wordpress.testcases.VerifyLoginpage"/>
</testsuite> <!-- com.wordpress.testcases.VerifyLoginpage -->
