<?xml version="1.0" encoding="UTF-8"?>
<!-- Generated by org.testng.reporters.JUnitReportReporter -->
<testsuite skipped="0" hostname="rafi" name="com.fb.testcases.VerifyFbtest" tests="1" failures="0" timestamp="28 Nov 2017 11:59:27 GMT" time="38.012" errors="0">
  <testcase name="Testcasefb" time="38.012" classname="com.fb.testcases.VerifyFbtest"/>
</testsuite> <!-- com.fb.testcases.VerifyFbtest -->
