<?xml version="1.0" encoding="UTF-8"?>
<!-- Generated by org.testng.reporters.JUnitReportReporter -->
<testsuite skipped="0" hostname="rafi" name="testNG.Test2" tests="1" failures="0" timestamp="27 Nov 2017 10:40:27 GMT" time="0.009" errors="0">
  <testcase name="Twitter" time="0.009" classname="testNG.Test2"/>
</testsuite> <!-- testNG.Test2 -->
