<?xml version="1.0" encoding="UTF-8"?>
<!-- Generated by org.testng.reporters.JUnitReportReporter -->
<testsuite skipped="0" hostname="rafi" name="com.fb.testcases.Verifyfb" tests="1" failures="0" timestamp="27 Nov 2017 13:53:53 GMT" time="65.778" errors="0">
  <testcase name="FB" time="65.778" classname="com.fb.testcases.Verifyfb"/>
</testsuite> <!-- com.fb.testcases.Verifyfb -->
