<?xml version="1.0" encoding="UTF-8"?>
<!-- Generated by org.testng.reporters.JUnitReportReporter -->
<testsuite skipped="0" hostname="rafi" name="pack.Scroll_down" tests="1" failures="0" timestamp="17 Nov 2017 09:51:32 GMT" time="30.811" errors="0">
  <testcase name="Scroll" time="30.811" classname="pack.Scroll_down"/>
</testsuite> <!-- pack.Scroll_down -->
