<?xml version="1.0" encoding="UTF-8"?>
<!-- Generated by org.testng.reporters.JUnitReportReporter -->
<testsuite skipped="0" hostname="rafi" name="pack.Handle_untrusteed_certificates" tests="1" failures="0" timestamp="24 Nov 2017 11:27:17 GMT" time="9.493" errors="0">
  <testcase name="Handle_certificates" time="9.493" classname="pack.Handle_untrusteed_certificates"/>
</testsuite> <!-- pack.Handle_untrusteed_certificates -->
