<?xml version="1.0" encoding="UTF-8"?>
<!-- Generated by org.testng.reporters.JUnitReportReporter -->
<testsuite skipped="0" hostname="rafi" name="pack.Handle_Webtable_calender" tests="1" failures="0" timestamp="27 Nov 2017 04:44:39 GMT" time="18.383" errors="0">
  <testcase name="handle" time="18.383" classname="pack.Handle_Webtable_calender"/>
</testsuite> <!-- pack.Handle_Webtable_calender -->
