<?xml version="1.0" encoding="UTF-8"?>
<!-- Generated by org.testng.reporters.JUnitReportReporter -->
<testsuite skipped="0" hostname="rafi" name="jenikins.Jenikinsdemo" tests="1" failures="0" timestamp="04 Dec 2017 05:21:56 GMT" time="0.009" errors="0">
  <testcase name="testHello" time="0.009" classname="jenikins.Jenikinsdemo"/>
</testsuite> <!-- jenikins.Jenikinsdemo -->
