<?xml version="1.0" encoding="UTF-8"?>
<!-- Generated by org.testng.reporters.JUnitReportReporter -->
<testsuite skipped="0" hostname="rafi" name="pack.fbdropdowns2" tests="1" failures="0" timestamp="13 Nov 2017 04:36:47 GMT" time="13.012" errors="0">
  <testcase name="selectDDValues" time="13.012" classname="pack.fbdropdowns2"/>
</testsuite> <!-- pack.fbdropdowns2 -->
