<?xml version="1.0" encoding="UTF-8"?>
<!-- Generated by org.testng.reporters.JUnitReportReporter -->
<testsuite skipped="0" hostname="rafi" name="pack.Handle_multiple_windows" tests="1" failures="0" timestamp="23 Nov 2017 10:48:48 GMT" time="14.852" errors="0">
  <testcase name="Multiple_Windows" time="14.852" classname="pack.Handle_multiple_windows"/>
</testsuite> <!-- pack.Handle_multiple_windows -->
