<?xml version="1.0" encoding="UTF-8"?>
<!-- Generated by org.testng.reporters.JUnitReportReporter -->
<testsuite skipped="0" hostname="rafi" name="testNG.Test3" tests="1" failures="0" timestamp="27 Nov 2017 10:47:24 GMT" time="0.032" errors="0">
  <testcase name="TV" time="0.032" classname="testNG.Test3"/>
</testsuite> <!-- testNG.Test3 -->
