<?xml version="1.0" encoding="UTF-8"?>
<!-- Generated by org.testng.reporters.JUnitReportReporter -->
<testsuite skipped="0" hostname="rafi" name="pack.fbdropdowns3" tests="1" failures="0" timestamp="11 Dec 2017 07:21:34 GMT" time="14.931" errors="0">
  <testcase name="selectDDValues" time="14.931" classname="pack.fbdropdowns3"/>
</testsuite> <!-- pack.fbdropdowns3 -->
