<?xml version="1.0" encoding="UTF-8"?>
<!-- Generated by org.testng.reporters.JUnitReportReporter -->
<testsuite skipped="0" hostname="rafi" name="practise.Seleniumreporting_practise" tests="1" failures="0" timestamp="15 Nov 2017 08:29:37 GMT" time="23.040" errors="0">
  <testcase name="Rafi" time="23.040" classname="practise.Seleniumreporting_practise"/>
</testsuite> <!-- practise.Seleniumreporting_practise -->
