<?xml version="1.0" encoding="UTF-8"?>
<!-- Generated by org.testng.reporters.JUnitReportReporter -->
<testsuite skipped="0" hostname="rafi" name="pack.Handle_Alerts" tests="1" failures="0" timestamp="24 Nov 2017 10:05:22 GMT" time="17.727" errors="0">
  <testcase name="Alerts" time="17.727" classname="pack.Handle_Alerts"/>
</testsuite> <!-- pack.Handle_Alerts -->
