<?xml version="1.0" encoding="UTF-8"?>
<!-- Generated by org.testng.reporters.JUnitReportReporter -->
<testsuite skipped="0" hostname="rafi" name="pack.Verify_error_msgs1" tests="1" failures="0" timestamp="16 Nov 2017 05:28:10 GMT" time="13.784" errors="0">
  <testcase name="myTest" time="13.784" classname="pack.Verify_error_msgs1"/>
</testsuite> <!-- pack.Verify_error_msgs1 -->
