<?xml version="1.0" encoding="UTF-8"?>
<!-- Generated by org.testng.reporters.JUnitReportReporter -->
<testsuite skipped="0" hostname="rafi" name="com.wordpress.testcases.Wordpresstest" tests="1" failures="0" timestamp="28 Nov 2017 05:36:12 GMT" time="26.727" errors="0">
  <testcase name="test" time="26.727" classname="com.wordpress.testcases.Wordpresstest"/>
</testsuite> <!-- com.wordpress.testcases.Wordpresstest -->
