<?xml version="1.0" encoding="UTF-8"?>
<!-- Generated by org.testng.reporters.JUnitReportReporter -->
<testsuite skipped="0" hostname="rafi" name="pack.FacebookScreenshot" tests="1" failures="0" timestamp="14 Nov 2017 05:38:46 GMT" time="37.136" errors="0">
  <testcase name="capturescreenshot" time="37.136" classname="pack.FacebookScreenshot"/>
</testsuite> <!-- pack.FacebookScreenshot -->
