<?xml version="1.0" encoding="UTF-8"?>
<!-- Generated by org.testng.reporters.JUnitReportReporter -->
<testsuite skipped="0" hostname="rafi" name="pack.Selenium_Reporting" tests="1" failures="0" timestamp="15 Nov 2017 06:18:02 GMT" time="38.000" errors="0">
  <testcase name="verifyTitle" time="38.000" classname="pack.Selenium_Reporting"/>
</testsuite> <!-- pack.Selenium_Reporting -->
