<?xml version="1.0" encoding="UTF-8"?>
<!-- Generated by org.testng.reporters.JUnitReportReporter -->
<testsuite skipped="0" hostname="rafi" name="com.automation.selenium.Mavendemo" tests="1" failures="0" timestamp="19 Dec 2017 05:58:50 GMT" time="63.902" errors="0">
  <testcase name="testHello" time="63.902" classname="com.automation.selenium.Mavendemo"/>
</testsuite> <!-- com.automation.selenium.Mavendemo -->
